{"level":"error","message":"Mensaje de error"}
{"level":"error","message":"Error de autenticación: Contraseña incorrecta"}
{"level":"error","message":"Error de autenticación: Contraseña incorrecta"}
{"level":"error","message":"Error de autenticación: Contraseña incorrecta"}
{"level":"error","message":"Error de autenticación: Usuario no encontrado"}
{"level":"error","message":"Error de autenticación: Usuario no encontrado"}
{"level":"error","message":"Error de autenticación: Usuario no encontrado"}
{"level":"error","message":"Error de autenticación: Usuario no encontrado"}
{"level":"error","message":"Error de autenticación: Usuario no encontrado"}
{"level":"error","message":"Error al reestablecer contraseña usuariobast.s.rojadfgdfgdfs@gmail.com no existe"}
{"level":"error","message":"Error al reestablecer contraseña usuariobast.s.rojassdasdasd@gmail.com no existe"}
{"level":"error","message":"Error al reestablecer contraseña usuariobast.s.rojassdasdasd@gmail.com no existe"}
{"level":"error","message":"Error al reestablecer contraseña usuario bast.s.rojassdasdasd@gmail.com no existe"}
{"level":"error","message":"Error de autenticación: Contraseña incorrecta"}
{"level":"error","message":"Error de autenticación: Contraseña incorrecta"}
{"level":"error","message":"Error al actualizar el rol"}
{"level":"error","message":"Error al actualizar el rol"}
{"level":"error","message":"Error al actualizar el rol"}
{"level":"error","message":"Error al actualizar el rol"}
{"level":"error","message":"Error al actualizar el rol"}
{"level":"error","message":"Error al actualizar el rol"}
